Final VR Split Keyboard/Temp/gradleOut/launcher/build/outputs/logs/manifest-merger-release-report.txt
-- Merging decision tree log ---
manifest
ADDED from src/main/AndroidManifest.xml:3:1-6:12
INJECTED from src/main/AndroidManifest.xml:3:1-6:12
INJECTED from src/main/AndroidManifest.xml:3:1-6:12
INJECTED from src/main/AndroidManifest.xml:3:1-6:12
MERGED from [:unityLibrary] AndroidManifest.xml:2:1-87:12
MERGED from [:OVRPlugin:] AndroidManifest.xml:2:1-4:12
INJECTED from src/main/AndroidManifest.xml:3:1-6:12
INJECTED from src/main/AndroidManifest.xml:3:1-6:12
INJECTED from src/main/AndroidManifest.xml:3:1-6:12
	package
		ADDED from src/main/AndroidManifest.xml:3:70-119
		INJECTED from src/main/AndroidManifest.xml
		INJECTED from src/main/AndroidManifest.xml
	android:versionName
		INJECTED from src/main/AndroidManifest.xml
		ADDED from src/main/AndroidManifest.xml:3:1-6:12
		INJECTED from src/main/AndroidManifest.xml
	xmlns:tools
		ADDED from src/main/AndroidManifest.xml:3:120-166
	android:versionCode
		INJECTED from src/main/AndroidManifest.xml
		ADDED from src/main/AndroidManifest.xml:3:1-6:12
		INJECTED from src/main/AndroidManifest.xml
	xmlns:android
		ADDED from src/main/AndroidManifest.xml:3:11-69
	android:installLocation
		ADDED from src/main/AndroidManifest.xml:3:167-197
supports-screens
ADDED from src/main/AndroidManifest.xml:4:3-163
	android:largeScreens
		ADDED from src/main/AndroidManifest.xml:4:78-105
	android:smallScreens
		ADDED from src/main/AndroidManifest.xml:4:21-48
	android:normalScreens
		ADDED from src/main/AndroidManifest.xml:4:49-77
	android:xlargeScreens
		ADDED from src/main/AndroidManifest.xml:4:106-134
	android:anyDensity
		ADDED from src/main/AndroidManifest.xml:4:135-160
application
ADDED from src/main/AndroidManifest.xml:5:3-83
MERGED from [:unityLibrary] AndroidManifest.xml:43:5-85:19
MERGED from [:unityLibrary] AndroidManifest.xml:43:5-85:19
	android:label
		ADDED from src/main/AndroidManifest.xml:5:16-48
	android:allowBackup
		ADDED from [:unityLibrary] AndroidManifest.xml:44:9-36
	android:icon
		ADDED from src/main/AndroidManifest.xml:5:49-80
	android:networkSecurityConfig
		ADDED from [:unityLibrary] AndroidManifest.xml:47:9-64
uses-sdk
INJECTED from src/main/AndroidManifest.xml reason: use-sdk injection requested
INJECTED from src/main/AndroidManifest.xml
INJECTED from src/main/AndroidManifest.xml
MERGED from [:unityLibrary] AndroidManifest.xml:8:5-10:41
MERGED from [:unityLibrary] AndroidManifest.xml:8:5-10:41
MERGED from [:OVRPlugin:] AndroidManifest.xml:3:3-45
MERGED from [:OVRPlugin:] AndroidManifest.xml:3:3-45
INJECTED from src/main/AndroidManifest.xml
INJECTED from src/main/AndroidManifest.xml
	android:targetSdkVersion
		INJECTED from src/main/AndroidManifest.xml
		ADDED from src/main/AndroidManifest.xml
		INJECTED from src/main/AndroidManifest.xml
	android:minSdkVersion
		INJECTED from src/main/AndroidManifest.xml
		ADDED from src/main/AndroidManifest.xml
		MERGED from src/main/AndroidManifest.xml
		INJECTED from src/main/AndroidManifest.xml
uses-feature#android.hardware.vr.headtracking
ADDED from [:unityLibrary] AndroidManifest.xml:12:5-15:31
	android:version
		ADDED from [:unityLibrary] AndroidManifest.xml:15:9-28
	android:required
		ADDED from [:unityLibrary] AndroidManifest.xml:14:9-32
	android:name
		ADDED from [:unityLibrary] AndroidManifest.xml:13:9-56
uses-feature#oculus.software.handtracking
ADDED from [:unityLibrary] AndroidManifest.xml:16:5-18:36
	android:required
		ADDED from [:unityLibrary] AndroidManifest.xml:18:9-33
	android:name
		ADDED from [:unityLibrary] AndroidManifest.xml:17:9-52
uses-permission#oculus.permission.handtracking
ADDED from [:unityLibrary] AndroidManifest.xml:20:5-70
	android:name
		ADDED from [:unityLibrary] AndroidManifest.xml:20:22-67
uses-permission#android.permission.WRITE_EXTERNAL_STORAGE
ADDED from [:unityLibrary] AndroidManifest.xml:21:5-81
	android:name
		ADDED from [:unityLibrary] AndroidManifest.xml:21:22-78
uses-feature#0x00030000
ADDED from [:unityLibrary] AndroidManifest.xml:23:5-54
	android:glEsVersion
		ADDED from [:unityLibrary] AndroidManifest.xml:23:19-51
uses-permission#android.permission.INTERNET
ADDED from [:unityLibrary] AndroidManifest.xml:25:5-67
	android:name
		ADDED from [:unityLibrary] AndroidManifest.xml:25:22-64
uses-permission#android.permission.RECORD_AUDIO
ADDED from [:unityLibrary] AndroidManifest.xml:26:5-71
	android:name
		ADDED from [:unityLibrary] AndroidManifest.xml:26:22-68
uses-permission#android.permission.MODIFY_AUDIO_SETTINGS
ADDED from [:unityLibrary] AndroidManifest.xml:27:5-80
	android:name
		ADDED from [:unityLibrary] AndroidManifest.xml:27:22-77
uses-permission#android.permission.BLUETOOTH
ADDED from [:unityLibrary] AndroidManifest.xml:28:5-68
	android:name
		ADDED from [:unityLibrary] AndroidManifest.xml:28:22-65
uses-feature#android.hardware.microphone
ADDED from [:unityLibrary] AndroidManifest.xml:30:5-32:36
	android:required
		ADDED from [:unityLibrary] AndroidManifest.xml:32:9-33
	android:name
		ADDED from [:unityLibrary] AndroidManifest.xml:31:9-51
uses-feature#android.hardware.touchscreen
ADDED from [:unityLibrary] AndroidManifest.xml:33:5-35:36
	android:required
		ADDED from [:unityLibrary] AndroidManifest.xml:35:9-33
	android:name
		ADDED from [:unityLibrary] AndroidManifest.xml:34:9-52
uses-feature#android.hardware.touchscreen.multitouch
ADDED from [:unityLibrary] AndroidManifest.xml:36:5-38:36
	android:required
		ADDED from [:unityLibrary] AndroidManifest.xml:38:9-33
	android:name
		ADDED from [:unityLibrary] AndroidManifest.xml:37:9-63
uses-feature#android.hardware.touchscreen.multitouch.distinct
ADDED from [:unityLibrary] AndroidManifest.xml:39:5-41:36
	android:required
		ADDED from [:unityLibrary] AndroidManifest.xml:41:9-33
	android:name
		ADDED from [:unityLibrary] AndroidManifest.xml:40:9-72
activity#com.unity3d.player.UnityPlayerActivity
ADDED from [:unityLibrary] AndroidManifest.xml:48:9-65:20
	android:screenOrientation
		ADDED from [:unityLibrary] AndroidManifest.xml:54:13-50
	android:excludeFromRecents
		ADDED from [:unityLibrary] AndroidManifest.xml:51:13-46
	android:launchMode
		ADDED from [:unityLibrary] AndroidManifest.xml:53:13-44
	android:hardwareAccelerated
		ADDED from [:unityLibrary] AndroidManifest.xml:52:13-48
	android:configChanges
		ADDED from [:unityLibrary] AndroidManifest.xml:50:13-114
	android:theme
		ADDED from [:unityLibrary] AndroidManifest.xml:55:13-77
	android:name
		ADDED from [:unityLibrary] AndroidManifest.xml:49:13-66
intent-filter#action:name:android.intent.action.MAIN+category:name:android.intent.category.INFO
ADDED from [:unityLibrary] AndroidManifest.xml:56:13-60:29
action#android.intent.action.MAIN
ADDED from [:unityLibrary] AndroidManifest.xml:57:17-69
	android:name
		ADDED from [:unityLibrary] AndroidManifest.xml:57:25-66
category#android.intent.category.INFO
ADDED from [:unityLibrary] AndroidManifest.xml:59:17-73
	android:name
		ADDED from [:unityLibrary] AndroidManifest.xml:59:27-70
meta-data#com.oculus.vr.focusaware
ADDED from [:unityLibrary] AndroidManifest.xml:62:13-64:41
	android:value
		ADDED from [:unityLibrary] AndroidManifest.xml:64:17-38
	android:name
		ADDED from [:unityLibrary] AndroidManifest.xml:63:17-56
meta-data#unityplayer.SkipPermissionsDialog
ADDED from [:unityLibrary] AndroidManifest.xml:67:9-69:37
	android:value
		ADDED from [:unityLibrary] AndroidManifest.xml:69:13-34
	android:name
		ADDED from [:unityLibrary] AndroidManifest.xml:68:13-61
meta-data#com.samsung.android.vr.application.mode
ADDED from [:unityLibrary] AndroidManifest.xml:70:9-72:39
	android:value
		ADDED from [:unityLibrary] AndroidManifest.xml:72:13-36
	android:name
		ADDED from [:unityLibrary] AndroidManifest.xml:71:13-67
meta-data#unity.splash-mode
ADDED from [:unityLibrary] AndroidManifest.xml:73:9-75:33
	android:value
		ADDED from [:unityLibrary] AndroidManifest.xml:75:13-30
	android:name
		ADDED from [:unityLibrary] AndroidManifest.xml:74:13-45
meta-data#unity.splash-enable
ADDED from [:unityLibrary] AndroidManifest.xml:76:9-78:37
	android:value
		ADDED from [:unityLibrary] AndroidManifest.xml:78:13-34
	android:name
		ADDED from [:unityLibrary] AndroidManifest.xml:77:13-47
meta-data#notch.config
ADDED from [:unityLibrary] AndroidManifest.xml:79:9-81:50
	android:value
		ADDED from [:unityLibrary] AndroidManifest.xml:81:13-47
	android:name
		ADDED from [:unityLibrary] AndroidManifest.xml:80:13-40
meta-data#unity.build-id
ADDED from [:unityLibrary] AndroidManifest.xml:82:9-84:68
	android:value
		ADDED from [:unityLibrary] AndroidManifest.xml:84:13-65
	android:name
		ADDED from [:unityLibrary] AndroidManifest.xml:83:13-42